<?xml version="1.0" encoding="UTF-8"?>
<!-- Generated by org.testng.reporters.JUnitReportReporter -->
<testsuite skipped="0" hostname="NotFound" name="com.maven.selenium.Sample" tests="1" failures="0" timestamp="22 Dec 2019 04:40:17 GMT" time="14.740" errors="0">
  <testcase name="sampletest" time="14.740" classname="com.maven.selenium.Sample"/>
</testsuite> <!-- com.maven.selenium.Sample -->
