<?xml version="1.0" encoding="UTF-8"?>
<!-- Generated by org.testng.reporters.JUnitReportReporter -->
<testsuite skipped="0" hostname="NotFound" name="com.maven.selenium.Demo" tests="1" failures="0" timestamp="28 Dec 2019 09:44:42 GMT" time="50.500" errors="0">
  <testcase name="demoTest" time="50.500" classname="com.maven.selenium.Demo"/>
</testsuite> <!-- com.maven.selenium.Demo -->
