<?xml version="1.0" encoding="UTF-8"?>
<!-- Generated by org.testng.reporters.JUnitReportReporter -->
<testsuite skipped="0" hostname="NotFound" name="com.maven.selenium.DemoTest" tests="1" failures="0" timestamp="14 Dec 2019 10:43:07 GMT" time="32.305" errors="0">
  <testcase name="demoTest" time="32.305" classname="com.maven.selenium.DemoTest"/>
</testsuite> <!-- com.maven.selenium.DemoTest -->
