<?xml version="1.0" encoding="UTF-8"?>
<!-- Generated by org.testng.reporters.JUnitReportReporter -->
<testsuite skipped="0" hostname="NotFound" name="com.maven.selenium.Sample" tests="1" failures="0" timestamp="28 Dec 2019 05:19:08 GMT" time="42.784" errors="0">
  <testcase name="sampletest" time="42.784" classname="com.maven.selenium.Sample"/>
</testsuite> <!-- com.maven.selenium.Sample -->
