<?xml version="1.0" encoding="UTF-8"?>
<!-- Generated by org.testng.reporters.JUnitReportReporter -->
<testsuite skipped="0" hostname="NotFound" name="com.maven.selenium.SampleTest" tests="1" failures="0" timestamp="14 Dec 2019 10:55:23 GMT" time="16.115" errors="0">
  <testcase name="sampletest" time="16.115" classname="com.maven.selenium.SampleTest"/>
</testsuite> <!-- com.maven.selenium.SampleTest -->
